<?xml version="1.0" encoding="UTF-8" ?>
<testsuite failures="0" time="1.596" errors="0" skipped="0" tests="16" name="com.epam.cdp.bankmodel.service.AccountServiceBeanTest">
  <properties>
    <property name="java.runtime.name" value="Java(TM) SE Runtime Environment"/>
    <property name="sun.boot.library.path" value="c:\Program Files\Java\jdk1.7.0_40\jre\bin"/>
    <property name="java.vm.version" value="24.0-b56"/>
    <property name="java.vm.vendor" value="Oracle Corporation"/>
    <property name="java.vendor.url" value="http://java.oracle.com/"/>
    <property name="path.separator" value=";"/>
    <property name="guice.disable.misplaced.annotation.check" value="true"/>
    <property name="java.vm.name" value="Java HotSpot(TM) 64-Bit Server VM"/>
    <property name="file.encoding.pkg" value="sun.io"/>
    <property name="user.script" value=""/>
    <property name="user.country" value="US"/>
    <property name="sun.java.launcher" value="SUN_STANDARD"/>
    <property name="sun.os.patch.level" value="Service Pack 1"/>
    <property name="java.vm.specification.name" value="Java Virtual Machine Specification"/>
    <property name="user.dir" value="d:\workspace\bankmodel"/>
    <property name="java.runtime.version" value="1.7.0_40-b43"/>
    <property name="java.awt.graphicsenv" value="sun.awt.Win32GraphicsEnvironment"/>
    <property name="java.endorsed.dirs" value="c:\Program Files\Java\jdk1.7.0_40\jre\lib\endorsed"/>
    <property name="os.arch" value="amd64"/>
    <property name="java.io.tmpdir" value="C:\Users\roman_konovalov\AppData\Local\Temp\"/>
    <property name="line.separator" value="
"/>
    <property name="java.vm.specification.vendor" value="Oracle Corporation"/>
    <property name="user.variant" value=""/>
    <property name="os.name" value="Windows 7"/>
    <property name="classworlds.conf" value="c:\Program Files\apache-maven-3.1.1\bin\..\bin\m2.conf"/>
    <property name="sun.jnu.encoding" value="Cp1251"/>
    <property name="java.library.path" value="c:\Program Files\Java\jdk1.7.0_40\bin;C:\WINDOWS\Sun\Java\bin;C:\WINDOWS\system32;C:\WINDOWS;C:\WINDOWS\system32;C:\WINDOWS;C:\WINDOWS\System32\Wbem;C:\WINDOWS\System32\WindowsPowerShell\v1.0\;C:\Program Files\TortoiseSVN\bin;c:\Program Files\apache-maven-3.1.1\bin;c:\Program Files\Java\jdk1.7.0_40\bin;."/>
    <property name="java.specification.name" value="Java Platform API Specification"/>
    <property name="java.class.version" value="51.0"/>
    <property name="sun.management.compiler" value="HotSpot 64-Bit Tiered Compilers"/>
    <property name="os.version" value="6.1"/>
    <property name="user.home" value="C:\Users\roman_konovalov"/>
    <property name="user.timezone" value="Europe/Kaliningrad"/>
    <property name="java.awt.printerjob" value="sun.awt.windows.WPrinterJob"/>
    <property name="java.specification.version" value="1.7"/>
    <property name="file.encoding" value="Cp1251"/>
    <property name="user.name" value="Roman_Konovalov"/>
    <property name="java.class.path" value="c:\Program Files\apache-maven-3.1.1\bin\..\boot\plexus-classworlds-2.5.1.jar"/>
    <property name="org.slf4j.simpleLogger.defaultLogLevel" value="info"/>
    <property name="java.vm.specification.version" value="1.7"/>
    <property name="sun.arch.data.model" value="64"/>
    <property name="java.home" value="c:\Program Files\Java\jdk1.7.0_40\jre"/>
    <property name="sun.java.command" value="org.codehaus.plexus.classworlds.launcher.Launcher jboss-as:deploy"/>
    <property name="java.specification.vendor" value="Oracle Corporation"/>
    <property name="user.language" value="en"/>
    <property name="awt.toolkit" value="sun.awt.windows.WToolkit"/>
    <property name="java.vm.info" value="mixed mode"/>
    <property name="java.version" value="1.7.0_40"/>
    <property name="java.ext.dirs" value="c:\Program Files\Java\jdk1.7.0_40\jre\lib\ext;C:\WINDOWS\Sun\Java\lib\ext"/>
    <property name="sun.boot.class.path" value="c:\Program Files\Java\jdk1.7.0_40\jre\lib\resources.jar;c:\Program Files\Java\jdk1.7.0_40\jre\lib\rt.jar;c:\Program Files\Java\jdk1.7.0_40\jre\lib\sunrsasign.jar;c:\Program Files\Java\jdk1.7.0_40\jre\lib\jsse.jar;c:\Program Files\Java\jdk1.7.0_40\jre\lib\jce.jar;c:\Program Files\Java\jdk1.7.0_40\jre\lib\charsets.jar;c:\Program Files\Java\jdk1.7.0_40\jre\lib\jfr.jar;c:\Program Files\Java\jdk1.7.0_40\jre\classes"/>
    <property name="java.vendor" value="Oracle Corporation"/>
    <property name="maven.home" value="c:\Program Files\apache-maven-3.1.1\bin\.."/>
    <property name="file.separator" value="\"/>
    <property name="java.vendor.url.bug" value="http://bugreport.sun.com/bugreport/"/>
    <property name="sun.cpu.endian" value="little"/>
    <property name="sun.io.unicode.encoding" value="UnicodeLittle"/>
    <property name="sun.desktop" value="windows"/>
    <property name="sun.cpu.isalist" value="amd64"/>
  </properties>
  <testcase time="0.338" classname="com.epam.cdp.bankmodel.service.AccountServiceBeanTest" name="testCreateAccountNullValue"/>
  <testcase time="0.052" classname="com.epam.cdp.bankmodel.service.AccountServiceBeanTest" name="testGetPersonById"/>
  <testcase time="0.052" classname="com.epam.cdp.bankmodel.service.AccountServiceBeanTest" name="testGetAllPersons"/>
  <testcase time="0.052" classname="com.epam.cdp.bankmodel.service.AccountServiceBeanTest" name="testCreatePerson"/>
  <testcase time="0.051" classname="com.epam.cdp.bankmodel.service.AccountServiceBeanTest" name="testExchange"/>
  <testcase time="0.146" classname="com.epam.cdp.bankmodel.service.AccountServiceBeanTest" name="testGetAccountByIdNegative"/>
  <testcase time="0.051" classname="com.epam.cdp.bankmodel.service.AccountServiceBeanTest" name="testGetAccountsForPerson"/>
  <testcase time="0.06" classname="com.epam.cdp.bankmodel.service.AccountServiceBeanTest" name="testCreateAccount"/>
  <testcase time="0.048" classname="com.epam.cdp.bankmodel.service.AccountServiceBeanTest" name="testTopUp"/>
  <testcase time="0.149" classname="com.epam.cdp.bankmodel.service.AccountServiceBeanTest" name="testWithdrawNegative"/>
  <testcase time="0.049" classname="com.epam.cdp.bankmodel.service.AccountServiceBeanTest" name="testGetAccountById"/>
  <testcase time="0.147" classname="com.epam.cdp.bankmodel.service.AccountServiceBeanTest" name="testGetPersonByNameNegative"/>
  <testcase time="0.048" classname="com.epam.cdp.bankmodel.service.AccountServiceBeanTest" name="testWithdraw"/>
  <testcase time="0.144" classname="com.epam.cdp.bankmodel.service.AccountServiceBeanTest" name="testExchangeNegative"/>
  <testcase time="0.047" classname="com.epam.cdp.bankmodel.service.AccountServiceBeanTest" name="testGetPersonByName"/>
  <testcase time="0.162" classname="com.epam.cdp.bankmodel.service.AccountServiceBeanTest" name="testGetPersonByIdNegative"/>
</testsuite>